\BOOKMARK [1][-]{Doc-Start}{\376\377\000R\000e\000s\000u\000m\000e\000n}{}% 1
\BOOKMARK [1][-]{section.1}{\376\377\000I\000n\000t\000r\000o\000d\000u\000c\000c\000i\000\363\000n}{}% 2
\BOOKMARK [2][-]{subsection.1.1}{\376\377\000C\000o\000n\000t\000e\000x\000t\000o}{section.1}% 3
\BOOKMARK [2][-]{subsection.1.2}{\376\377\000O\000b\000j\000e\000t\000i\000v\000o\000s}{section.1}% 4
\BOOKMARK [2][-]{subsection.1.3}{\376\377\000A\000l\000c\000a\000n\000c\000e}{section.1}% 5
\BOOKMARK [1][-]{section.2}{\376\377\000M\000a\000r\000c\000o\000\040\000T\000e\000\363\000r\000i\000c\000o}{}% 6
\BOOKMARK [2][-]{subsection.2.1}{\376\377\000M\000\341\000q\000u\000i\000n\000a\000s\000\040\000d\000e\000\040\000T\000u\000r\000i\000n\000g}{section.2}% 7
\BOOKMARK [2][-]{subsection.2.2}{\376\377\000N\000o\000t\000a\000c\000i\000\363\000n\000\040\000A\000s\000i\000n\000t\000\363\000t\000i\000c\000a\000\040\000O\000\040\000\050\000B\000i\000g\000-\000O\000\051}{section.2}% 8
\BOOKMARK [3][-]{subsubsection.2.2.1}{\376\377\000P\000r\000o\000p\000i\000e\000d\000a\000d\000e\000s\000\040\000I\000m\000p\000o\000r\000t\000a\000n\000t\000e\000s}{subsection.2.2}% 9
\BOOKMARK [2][-]{subsection.2.3}{\376\377\000S\000u\000c\000e\000s\000i\000\363\000n\000\040\000d\000e\000\040\000F\000i\000b\000o\000n\000a\000c\000c\000i}{section.2}% 10
\BOOKMARK [3][-]{subsubsection.2.3.1}{\376\377\000F\000\363\000r\000m\000u\000l\000a\000\040\000d\000e\000\040\000B\000i\000n\000e\000t}{subsection.2.3}% 11
\BOOKMARK [1][-]{section.3}{\376\377\000D\000i\000s\000e\000\361\000o\000\040\000d\000e\000\040\000l\000a\000\040\000M\000\341\000q\000u\000i\000n\000a\000\040\000d\000e\000\040\000T\000u\000r\000i\000n\000g}{}% 12
\BOOKMARK [2][-]{subsection.3.1}{\376\377\000E\000s\000p\000e\000c\000i\000f\000i\000c\000a\000c\000i\000\363\000n\000\040\000F\000o\000r\000m\000a\000l}{section.3}% 13
\BOOKMARK [2][-]{subsection.3.2}{\376\377\000C\000o\000n\000v\000e\000n\000c\000i\000o\000n\000e\000s\000\040\000d\000e\000\040\000R\000e\000p\000r\000e\000s\000e\000n\000t\000a\000c\000i\000\363\000n}{section.3}% 14
\BOOKMARK [3][-]{subsubsection.3.2.1}{\376\377\000N\000o\000t\000a\000c\000i\000\363\000n\000\040\000U\000n\000a\000r\000i\000a}{subsection.3.2}% 15
\BOOKMARK [3][-]{subsubsection.3.2.2}{\376\377\000A\000l\000f\000a\000b\000e\000t\000o\000\040\000d\000e\000\040\000l\000a\000\040\000C\000i\000n\000t\000a}{subsection.3.2}% 16
\BOOKMARK [2][-]{subsection.3.3}{\376\377\000F\000o\000r\000m\000a\000t\000o\000\040\000d\000e\000\040\000E\000n\000t\000r\000a\000d\000a\000\040\000y\000\040\000S\000a\000l\000i\000d\000a}{section.3}% 17
\BOOKMARK [2][-]{subsection.3.4}{\376\377\000E\000s\000t\000r\000u\000c\000t\000u\000r\000a\000\040\000d\000e\000\040\000l\000a\000\040\000C\000i\000n\000t\000a\000\040\000D\000u\000r\000a\000n\000t\000e\000\040\000e\000l\000\040\000C\000\341\000l\000c\000u\000l\000o}{section.3}% 18
\BOOKMARK [2][-]{subsection.3.5}{\376\377\000D\000i\000a\000g\000r\000a\000m\000a\000\040\000d\000e\000\040\000E\000s\000t\000a\000d\000o\000s}{section.3}% 19
\BOOKMARK [2][-]{subsection.3.6}{\376\377\000D\000e\000s\000c\000r\000i\000p\000c\000i\000\363\000n\000\040\000d\000e\000\040\000E\000s\000t\000a\000d\000o\000s}{section.3}% 20
\BOOKMARK [1][-]{section.4}{\376\377\000A\000n\000\341\000l\000i\000s\000i\000s\000\040\000d\000e\000\040\000C\000o\000m\000p\000l\000e\000j\000i\000d\000a\000d\000\040\000T\000e\000m\000p\000o\000r\000a\000l}{}% 21
\BOOKMARK [2][-]{subsection.4.1}{\376\377\000O\000p\000e\000r\000a\000c\000i\000o\000n\000e\000s\000\040\000p\000o\000r\000\040\000I\000t\000e\000r\000a\000c\000i\000\363\000n}{section.4}% 22
\BOOKMARK [2][-]{subsection.4.2}{\376\377\000C\000\341\000l\000c\000u\000l\000o\000\040\000d\000e\000l\000\040\000T\000i\000e\000m\000p\000o\000\040\000T\000o\000t\000a\000l}{section.4}% 23
\BOOKMARK [2][-]{subsection.4.3}{\376\377\000\277\000P\000o\000r\000\040\000q\000u\000\351\000\040\0002\000n\000\040\000y\000\040\000n\000o\000\040\000n\000?}{section.4}% 24
\BOOKMARK [3][-]{subsubsection.4.3.1}{\376\377\000L\000a\000\040\000r\000e\000c\000u\000r\000s\000i\000\363\000n\000\040\000i\000n\000g\000e\000n\000u\000a\000:\000\040\000O\000\050\000n\000\051}{subsection.4.3}% 25
\BOOKMARK [3][-]{subsubsection.4.3.2}{\376\377\000L\000a\000\040\000M\000\341\000q\000u\000i\000n\000a\000\040\000d\000e\000\040\000T\000u\000r\000i\000n\000g\000:\000\040\000e\000l\000\040\000c\000o\000s\000t\000o\000\040\000o\000c\000u\000l\000t\000o\000\040\000d\000e\000\040\000l\000a\000\040\000c\000i\000n\000t\000a\000\040\000u\000n\000a\000r\000i\000a}{subsection.4.3}% 26
\BOOKMARK [3][-]{subsubsection.4.3.3}{\376\377\000S\000u\000m\000a\000\040\000t\000o\000t\000a\000l\000:\000\040\000a\000p\000a\000r\000e\000c\000e\000\040\0002\000n}{subsection.4.3}% 27
\BOOKMARK [3][-]{subsubsection.4.3.4}{\376\377\000I\000n\000t\000e\000r\000p\000r\000e\000t\000a\000c\000i\000\363\000n\000\040\000i\000n\000t\000u\000i\000t\000i\000v\000a\000:\000\040\000d\000o\000s\000\040\000f\000a\000c\000t\000o\000r\000e\000s\000\040\000d\000e\000\040\000n}{subsection.4.3}% 28
\BOOKMARK [3][-]{subsubsection.4.3.5}{\376\377\000V\000e\000r\000i\000f\000i\000c\000a\000c\000i\000\363\000n\000\040\000e\000m\000p\000\355\000r\000i\000c\000a}{subsection.4.3}% 29
\BOOKMARK [2][-]{subsection.4.4}{\376\377\000C\000o\000m\000p\000l\000e\000j\000i\000d\000a\000d\000\040\000E\000s\000p\000a\000c\000i\000a\000l}{section.4}% 30
\BOOKMARK [1][-]{section.5}{\376\377\000R\000e\000s\000u\000l\000t\000a\000d\000o\000s\000\040\000E\000x\000p\000e\000r\000i\000m\000e\000n\000t\000a\000l\000e\000s}{}% 31
\BOOKMARK [2][-]{subsection.5.1}{\376\377\000M\000e\000t\000o\000d\000o\000l\000o\000g\000\355\000a}{section.5}% 32
\BOOKMARK [2][-]{subsection.5.2}{\376\377\000D\000a\000t\000o\000s\000\040\000E\000x\000p\000e\000r\000i\000m\000e\000n\000t\000a\000l\000e\000s}{section.5}% 33
\BOOKMARK [2][-]{subsection.5.3}{\376\377\000A\000n\000\341\000l\000i\000s\000i\000s\000\040\000d\000e\000l\000\040\000C\000r\000e\000c\000i\000m\000i\000e\000n\000t\000o}{section.5}% 34
\BOOKMARK [3][-]{subsubsection.5.3.1}{\376\377\000N\000o\000t\000a\000\040\000s\000o\000b\000r\000e\000\040\000r\000e\000g\000r\000e\000s\000i\000\363\000n\000\040\000e\000x\000p\000o\000n\000e\000n\000c\000i\000a\000l\000\040\000y\000\040\000R\0002}{subsection.5.3}% 35
\BOOKMARK [2][-]{subsection.5.4}{\376\377\000G\000r\000\341\000f\000i\000c\000o\000s\000\040\000d\000e\000\040\000R\000e\000n\000d\000i\000m\000i\000e\000n\000t\000o}{section.5}% 36
\BOOKMARK [2][-]{subsection.5.5}{\376\377\000V\000e\000r\000i\000f\000i\000c\000a\000c\000i\000\363\000n\000\040\000d\000e\000l\000\040\000M\000o\000d\000e\000l\000o\000\040\000T\000e\000\363\000r\000i\000c\000o}{section.5}% 37
\BOOKMARK [1][-]{section.6}{\376\377\000C\000o\000m\000p\000a\000r\000a\000c\000i\000\363\000n\000\040\000c\000o\000n\000\040\000O\000t\000r\000a\000s\000\040\000I\000m\000p\000l\000e\000m\000e\000n\000t\000a\000c\000i\000o\000n\000e\000s}{}% 38
\BOOKMARK [1][-]{section.7}{\376\377\000I\000m\000p\000l\000e\000m\000e\000n\000t\000a\000c\000i\000\363\000n\000\040\000d\000e\000l\000\040\000S\000i\000m\000u\000l\000a\000d\000o\000r}{}% 39
\BOOKMARK [2][-]{subsection.7.1}{\376\377\000A\000r\000q\000u\000i\000t\000e\000c\000t\000u\000r\000a\000\040\000d\000e\000l\000\040\000S\000o\000f\000t\000w\000a\000r\000e}{section.7}% 40
\BOOKMARK [2][-]{subsection.7.2}{\376\377\000F\000o\000r\000m\000a\000t\000o\000\040\000d\000e\000\040\000C\000o\000n\000f\000i\000g\000u\000r\000a\000c\000i\000\363\000n}{section.7}% 41
\BOOKMARK [2][-]{subsection.7.3}{\376\377\000E\000j\000e\000c\000u\000c\000i\000\363\000n}{section.7}% 42
\BOOKMARK [1][-]{section.8}{\376\377\000C\000o\000n\000c\000l\000u\000s\000i\000o\000n\000e\000s}{}% 43
\BOOKMARK [2][-]{subsection.8.1}{\376\377\000R\000e\000s\000u\000l\000t\000a\000d\000o\000s\000\040\000P\000r\000i\000n\000c\000i\000p\000a\000l\000e\000s}{section.8}% 44
\BOOKMARK [2][-]{subsection.8.2}{\376\377\000L\000i\000m\000i\000t\000a\000c\000i\000o\000n\000e\000s}{section.8}% 45
\BOOKMARK [2][-]{subsection.8.3}{\376\377\000T\000r\000a\000b\000a\000j\000o\000\040\000F\000u\000t\000u\000r\000o}{section.8}% 46
\BOOKMARK [1][-]{subsection.8.3}{\376\377\000R\000e\000f\000e\000r\000e\000n\000c\000i\000a\000s}{}% 47
\BOOKMARK [1][-]{appendix.Alph1}{\376\377\000T\000a\000b\000l\000a\000\040\000C\000o\000m\000p\000l\000e\000t\000a\000\040\000d\000e\000\040\000T\000r\000a\000n\000s\000i\000c\000i\000o\000n\000e\000s}{}% 48
